Warning[205] G:\EMBEDDED SYSTEM SIMULATIONS\HALF ADDER\MPLAB\HALFADDER.ASM 1 : Found directive in column 1. (LIST)
Warning[205] G:\EMBEDDED SYSTEM SIMULATIONS\HALF ADDER\MPLAB\HALFADDER.ASM 3 : Found directive in column 1. (__CONFIG)
Warning[205] G:\EMBEDDED SYSTEM SIMULATIONS\HALF ADDER\MPLAB\HALFADDER.ASM 4 : Found directive in column 1. (ORG)
Warning[203] G:\EMBEDDED SYSTEM SIMULATIONS\HALF ADDER\MPLAB\HALFADDER.ASM 5 : Found opcode in column 1. (GOTO)
Warning[205] G:\EMBEDDED SYSTEM SIMULATIONS\HALF ADDER\MPLAB\HALFADDER.ASM 6 : Found directive in column 1. (ORG)
Warning[203] G:\EMBEDDED SYSTEM SIMULATIONS\HALF ADDER\MPLAB\HALFADDER.ASM 7 : Found opcode in column 1. (RETFIE)
Warning[203] G:\EMBEDDED SYSTEM SIMULATIONS\HALF ADDER\MPLAB\HALFADDER.ASM 9 : Found opcode in column 1. (MOVLW)
Warning[203] G:\EMBEDDED SYSTEM SIMULATIONS\HALF ADDER\MPLAB\HALFADDER.ASM 10 : Found opcode in column 1. (MOVWF)
Message[302] G:\EMBEDDED SYSTEM SIMULATIONS\HALF ADDER\MPLAB\HALFADDER.ASM 10 : Register in operand not in bank 0.  Ensure that bank bits are correct.
Warning[203] G:\EMBEDDED SYSTEM SIMULATIONS\HALF ADDER\MPLAB\HALFADDER.ASM 11 : Found opcode in column 1. (CLRF)
Message[302] G:\EMBEDDED SYSTEM SIMULATIONS\HALF ADDER\MPLAB\HALFADDER.ASM 11 : Register in operand not in bank 0.  Ensure that bank bits are correct.
Warning[203] G:\EMBEDDED SYSTEM SIMULATIONS\HALF ADDER\MPLAB\HALFADDER.ASM 12 : Found opcode in column 1. (BCF)
Warning[203] G:\EMBEDDED SYSTEM SIMULATIONS\HALF ADDER\MPLAB\HALFADDER.ASM 15 : Found opcode in column 1. (GOTO)
Warning[203] G:\EMBEDDED SYSTEM SIMULATIONS\HALF ADDER\MPLAB\HALFADDER.ASM 16 : Found opcode in column 1. (GOTO)
Warning[203] G:\EMBEDDED SYSTEM SIMULATIONS\HALF ADDER\MPLAB\HALFADDER.ASM 19 : Found opcode in column 1. (GOTO)
Warning[203] G:\EMBEDDED SYSTEM SIMULATIONS\HALF ADDER\MPLAB\HALFADDER.ASM 20 : Found opcode in column 1. (BSF)
Warning[203] G:\EMBEDDED SYSTEM SIMULATIONS\HALF ADDER\MPLAB\HALFADDER.ASM 21 : Found opcode in column 1. (BCF)
Warning[203] G:\EMBEDDED SYSTEM SIMULATIONS\HALF ADDER\MPLAB\HALFADDER.ASM 22 : Found opcode in column 1. (GOTO)
Warning[203] G:\EMBEDDED SYSTEM SIMULATIONS\HALF ADDER\MPLAB\HALFADDER.ASM 25 : Found opcode in column 1. (GOTO)
Warning[203] G:\EMBEDDED SYSTEM SIMULATIONS\HALF ADDER\MPLAB\HALFADDER.ASM 26 : Found opcode in column 1. (BSF)
Warning[203] G:\EMBEDDED SYSTEM SIMULATIONS\HALF ADDER\MPLAB\HALFADDER.ASM 27 : Found opcode in column 1. (BCF)
Warning[203] G:\EMBEDDED SYSTEM SIMULATIONS\HALF ADDER\MPLAB\HALFADDER.ASM 28 : Found opcode in column 1. (GOTO)
Warning[203] G:\EMBEDDED SYSTEM SIMULATIONS\HALF ADDER\MPLAB\HALFADDER.ASM 31 : Found opcode in column 1. (BCF)
Warning[203] G:\EMBEDDED SYSTEM SIMULATIONS\HALF ADDER\MPLAB\HALFADDER.ASM 32 : Found opcode in column 1. (GOTO)
Warning[203] G:\EMBEDDED SYSTEM SIMULATIONS\HALF ADDER\MPLAB\HALFADDER.ASM 35 : Found opcode in column 1. (BSF)
Warning[203] G:\EMBEDDED SYSTEM SIMULATIONS\HALF ADDER\MPLAB\HALFADDER.ASM 36 : Found opcode in column 1. (GOTO)
Warning[205] G:\EMBEDDED SYSTEM SIMULATIONS\HALF ADDER\MPLAB\HALFADDER.ASM 37 : Found directive in column 1. (END)
